d:\cis660\p4\maya_pushpull++_ptii\maya_pushpull++\maya_pushpull++\debug\vc140.pdb
d:\cis660\p4\maya_pushpull++_ptii\maya_pushpull++\maya_pushpull++\debug\vc140.idb
d:\cis660\p4\maya_pushpull++_ptii\maya_pushpull++\maya_pushpull++\debug\kmean.obj
d:\cis660\p4\maya_pushpull++_ptii\maya_pushpull++\maya_pushpull++\debug\pluginmain.obj
d:\cis660\p4\maya_pushpull++_ptii\maya_pushpull++\maya_pushpull++\debug\mayapushpullppcmd.obj
d:\cis660\p4\maya_pushpull++_ptii\maya_pushpull++\maya_pushpull++\debug\ppppface.obj
d:\cis660\p4\maya_pushpull++_ptii\maya_pushpull++\maya_pushpull++\debug\pppphalfedge.obj
d:\cis660\p4\maya_pushpull++_ptii\maya_pushpull++\maya_pushpull++\debug\ppppmesh.obj
d:\cis660\p4\maya_pushpull++_ptii\maya_pushpull++\maya_pushpull++\debug\ppppvertex.obj
d:\cis660\p4\maya_pushpull++_ptii\maya_pushpull++\maya_pushpull++\debug\maya_pushpull++.ilk
d:\cis660\p4\maya_pushpull++_ptii\maya_pushpull++\maya_pushpull++\debug\maya_pushpull++.mll
d:\cis660\p4\maya_pushpull++_ptii\maya_pushpull++\maya_pushpull++\debug\maya_pushpull++.pdb
d:\cis660\p4\maya_pushpull++_ptii\maya_pushpull++\maya_pushpull++\debug\maya_pushpull++.lib
d:\cis660\p4\maya_pushpull++_ptii\maya_pushpull++\maya_pushpull++\debug\maya_pushpull++.exp
d:\cis660\p4\maya_pushpull++_ptii\maya_pushpull++\maya_pushpull++\debug\maya_pushpull++.tlog\cl.command.1.tlog
d:\cis660\p4\maya_pushpull++_ptii\maya_pushpull++\maya_pushpull++\debug\maya_pushpull++.tlog\cl.read.1.tlog
d:\cis660\p4\maya_pushpull++_ptii\maya_pushpull++\maya_pushpull++\debug\maya_pushpull++.tlog\cl.write.1.tlog
d:\cis660\p4\maya_pushpull++_ptii\maya_pushpull++\maya_pushpull++\debug\maya_pushpull++.tlog\link.command.1.tlog
d:\cis660\p4\maya_pushpull++_ptii\maya_pushpull++\maya_pushpull++\debug\maya_pushpull++.tlog\link.read.1.tlog
d:\cis660\p4\maya_pushpull++_ptii\maya_pushpull++\maya_pushpull++\debug\maya_pushpull++.tlog\link.write.1.tlog
d:\cis660\p4\maya_pushpull++_ptii\maya_pushpull++\maya_pushpull++\debug\maya_pushpull++.tlog\maya_pushpull++.write.1u.tlog
